Removed Pin From Net: NetName=LED_B Pin=LED1-3
Removed Pin From Net: NetName=LED_G Pin=LED1-4
Removed Pin From Net: NetName=LED_R Pin=LED1-5
Removed Pin From Net: NetName=LED_B Pin=LED2-3
Removed Pin From Net: NetName=LED_G Pin=LED2-4
Removed Pin From Net: NetName=LED_R Pin=LED2-5
Removed Pin From Net: NetName=LED_B Pin=LED3-3
Removed Pin From Net: NetName=LED_G Pin=LED3-4
Removed Pin From Net: NetName=LED_R Pin=LED3-5
Removed Pin From Net: NetName=LED_B Pin=LED4-3
Removed Pin From Net: NetName=LED_G Pin=LED4-4
Removed Pin From Net: NetName=LED_R Pin=LED4-5
Removed Pin From Net: NetName=LED_B Pin=LED5-3
Removed Pin From Net: NetName=LED_G Pin=LED5-4
Removed Pin From Net: NetName=LED_R Pin=LED5-5
Removed Pin From Net: NetName=LED_B Pin=LED6-3
Removed Pin From Net: NetName=LED_G Pin=LED6-4
Removed Pin From Net: NetName=LED_R Pin=LED6-5
Removed Pin From Net: NetName=5V Pin=R27-2
Removed Pin From Net: NetName=5V Pin=R28-2
Removed Pin From Net: NetName=5V Pin=R29-2
Removed Pin From Net: NetName=5V Pin=R30-2
Removed Pin From Net: NetName=5V Pin=R31-2
Removed Pin From Net: NetName=5V Pin=R32-2
Removed Pin From Net: NetName=5V Pin=R34-2
Removed Pin From Net: NetName=5V Pin=R35-2
Removed Pin From Net: NetName=5V Pin=R39-2
Removed Pin From Net: NetName=5V Pin=R40-2
Removed Pin From Net: NetName=5V Pin=R41-2
Removed Pin From Net: NetName=5V Pin=R42-2
Removed Pin From Net: NetName=5V Pin=R44-2
Removed Pin From Net: NetName=5V Pin=R45-2
Removed Pin From Net: NetName=5V Pin=R46-2
Removed Pin From Net: NetName=5V Pin=R47-2
Removed Pin From Net: NetName=5V Pin=R48-2
Removed Pin From Net: NetName=5V Pin=R49-2
Removed Member From Class: ClassName=final_clock Member=LED1
Removed Member From Class: ClassName=final_clock Member=LED2
Removed Member From Class: ClassName=final_clock Member=LED3
Removed Member From Class: ClassName=final_clock Member=LED4
Removed Member From Class: ClassName=final_clock Member=LED5
Removed Member From Class: ClassName=final_clock Member=LED6
Removed Member From Class: ClassName=final_clock Member=R27
Removed Member From Class: ClassName=final_clock Member=R28
Removed Member From Class: ClassName=final_clock Member=R29
Removed Member From Class: ClassName=final_clock Member=R30
Removed Member From Class: ClassName=final_clock Member=R31
Removed Member From Class: ClassName=final_clock Member=R32
Removed Member From Class: ClassName=final_clock Member=R34
Removed Member From Class: ClassName=final_clock Member=R35
Removed Member From Class: ClassName=final_clock Member=R39
Removed Member From Class: ClassName=final_clock Member=R40
Removed Member From Class: ClassName=final_clock Member=R41
Removed Member From Class: ClassName=final_clock Member=R42
Removed Member From Class: ClassName=final_clock Member=R44
Removed Member From Class: ClassName=final_clock Member=R45
Removed Member From Class: ClassName=final_clock Member=R46
Removed Member From Class: ClassName=final_clock Member=R47
Removed Member From Class: ClassName=final_clock Member=R48
Removed Member From Class: ClassName=final_clock Member=R49
